<?xml version="1.0" encoding="UTF-8"?>
<testng-results skipped="0" failed="0" total="1" passed="1">
  <reporter-output>
  </reporter-output>
  <suite name="Command line suite" duration-ms="32" started-at="2017-06-15T18:29:55Z" finished-at="2017-06-15T18:29:55Z">
    <groups>
    </groups>
    <test name="Command line test" duration-ms="32" started-at="2017-06-15T18:29:55Z" finished-at="2017-06-15T18:29:55Z">
      <class name="com.apartment.com.apartment.AppTest">
        <test-method status="PASS" signature="testApp()[pri:0, instance:testApp(com.apartment.com.apartment.AppTest)]" name="testApp" duration-ms="2" started-at="2017-06-15T13:29:55Z" finished-at="2017-06-15T13:29:55Z">
          <reporter-output>
          </reporter-output>
        </test-method> <!-- testApp -->
      </class> <!-- com.apartment.com.apartment.AppTest -->
    </test> <!-- Command line test -->
  </suite> <!-- Command line suite -->
</testng-results>
